OpenROAD 1 fb8ae93b6c7a5eb0e6fac83360a8a48d76c41885
This program is licensed under the BSD-3 license. See the LICENSE file for details.
Components of this program may be licensed under more restrictive licenses which must be honored.
[INFO ODB-0222] Reading LEF file: ./def/tmp/merged.lef
[WARNING ODB-0220] WARNING (LEFPARS-2036): SOURCE statement is obsolete in version 5.6 and later.
The LEF parser will ignore this statement.
To avoid this warning in the future, remove this statement from the LEF file with version 5.6 or later. See file ./def/tmp/merged.lef at line 973.

[INFO ODB-0223]     Created 13 technology layers
[INFO ODB-0224]     Created 25 technology vias
[INFO ODB-0225]     Created 441 library cells
[INFO ODB-0226] Finished LEF file:  ./def/tmp/merged.lef
[INFO ODB-0222] Reading LEF file: ./lef/user_proj_example.lef
[WARNING ODB-0220] WARNING (LEFPARS-2008): NOWIREEXTENSIONATPIN statement is obsolete in version 5.6 or later.
The NOWIREEXTENSIONATPIN statement will be ignored. See file ./lef/user_proj_example.lef at line 2.

[INFO ODB-0225]     Created 1 library cells
[INFO ODB-0226] Finished LEF file:  ./lef/user_proj_example.lef
[INFO ODB-0222] Reading LEF file: ./lef/user_project_wrapper.lef
[WARNING ODB-0220] WARNING (LEFPARS-2008): NOWIREEXTENSIONATPIN statement is obsolete in version 5.6 or later.
The NOWIREEXTENSIONATPIN statement will be ignored. See file ./lef/user_project_wrapper.lef at line 2.

[INFO ODB-0225]     Created 1 library cells
[INFO ODB-0226] Finished LEF file:  ./lef/user_project_wrapper.lef
[WARNING ORD-0033] -order_wires is deprecated.
[INFO ODB-0127] Reading DEF file: ./def/user_project_wrapper.def
[INFO ODB-0128] Design: user_project_wrapper
[INFO ODB-0130]     Created 645 pins.
[INFO ODB-0131]     Created 1 components and 609 component-terminals.
[INFO ODB-0132]     Created 8 special nets and 0 connections.
[INFO ODB-0133]     Created 637 nets and 607 connections.
[INFO ODB-0134] Finished DEF file: ./def/user_project_wrapper.def
Error: base.sdc, 6 can't read "::env(CLOCK_PERIOD)": no such variable
